{
  "stats": {
    "suites": 1,
    "tests": 7,
    "passes": 7,
    "pending": 0,
    "failures": 0,
    "start": "2021-02-21T11:51:23.369Z",
    "end": "2021-02-21T11:51:34.047Z",
    "duration": 10678,
    "testsRegistered": 7,
    "passPercent": 100,
    "pendingPercent": 0,
    "other": 0,
    "hasOther": false,
    "skipped": 0,
    "hasSkipped": false
  },
  "results": [
    {
      "uuid": "3b34bfc7-1780-4772-aca4-513b112fd0e9",
      "title": "",
      "fullFile": "",
      "file": "",
      "beforeHooks": [],
      "afterHooks": [],
      "tests": [],
      "suites": [
        {
          "uuid": "11a24d81-2c2a-4137-896b-25e300b92496",
          "title": "Suite",
          "fullFile": "/Users/siewlapang/Desktop/test-selenium/src/test/test.ts",
          "file": "/src/test/test.ts",
          "beforeHooks": [
            {
              "title": "\"before all\" hook: Before in \"Suite\"",
              "fullTitle": "Suite \"before all\" hook: Before in \"Suite\"",
              "timedOut": false,
              "duration": 3,
              "state": null,
              "speed": null,
              "pass": false,
              "fail": false,
              "pending": false,
              "context": null,
              "code": "return __awaiter(void 0, void 0, void 0, function () {\n        return __generator(this, function (_a) {\n            driver = new selenium_webdriver_1.Builder().forBrowser('chrome').build();\n            return [2 /*return*/];\n        });\n    });",
              "err": {},
              "uuid": "9f975323-fb92-4feb-8a96-29c8534203a0",
              "parentUUID": "11a24d81-2c2a-4137-896b-25e300b92496",
              "isHook": true,
              "skipped": false
            }
          ],
          "afterHooks": [
            {
              "title": "\"after all\" hook: After in \"Suite\"",
              "fullTitle": "Suite \"after all\" hook: After in \"Suite\"",
              "timedOut": false,
              "duration": 54,
              "state": null,
              "speed": null,
              "pass": false,
              "fail": false,
              "pending": false,
              "context": null,
              "code": "return __awaiter(void 0, void 0, void 0, function () {\n        return __generator(this, function (_a) {\n            switch (_a.label) {\n                case 0: return [4 /*yield*/, driver.quit()];\n                case 1:\n                    _a.sent();\n                    return [2 /*return*/];\n            }\n        });\n    });",
              "err": {},
              "uuid": "4ea52cdf-f395-45d1-b389-4b01a30e4312",
              "parentUUID": "11a24d81-2c2a-4137-896b-25e300b92496",
              "isHook": true,
              "skipped": false
            }
          ],
          "tests": [
            {
              "title": "Open website and verify it is opened and redirect to login",
              "fullTitle": "Suite Open website and verify it is opened and redirect to login",
              "timedOut": false,
              "duration": 6093,
              "state": "passed",
              "speed": "slow",
              "pass": true,
              "fail": false,
              "pending": false,
              "context": null,
              "code": "return __awaiter(void 0, void 0, void 0, function () {\n        var currentUrl;\n        return __generator(this, function (_a) {\n            switch (_a.label) {\n                case 0: return [4 /*yield*/, driver.get('https://angular-e2e.herokuapp.com/login')];\n                case 1:\n                    _a.sent();\n                    return [4 /*yield*/, driver.getCurrentUrl()];\n                case 2:\n                    currentUrl = _a.sent();\n                    assert.equal('https://angular-e2e.herokuapp.com/login', \n                    // 'http://localhost:4200/login',\n                    currentUrl, 'The website is not opened and redirect');\n                    return [2 /*return*/];\n            }\n        });\n    });",
              "err": {},
              "uuid": "f90eebdc-de69-4b77-ad74-471a67add294",
              "parentUUID": "11a24d81-2c2a-4137-896b-25e300b92496",
              "isHook": false,
              "skipped": false
            },
            {
              "title": "key in invalid email and password",
              "fullTitle": "Suite key in invalid email and password",
              "timedOut": false,
              "duration": 1932,
              "state": "passed",
              "speed": "slow",
              "pass": true,
              "fail": false,
              "pending": false,
              "context": null,
              "code": "return __awaiter(void 0, void 0, void 0, function () {\n        var valid_email, valid_password, getEmailTextField, getPasswordTextField, getLoginButton, getAlertMsg;\n        return __generator(this, function (_a) {\n            switch (_a.label) {\n                case 0:\n                    valid_email = 'wrong';\n                    valid_password = 'wrong';\n                    return [4 /*yield*/, driver.findElement(selenium_webdriver_1.By.css('input[formControlName=email]'))];\n                case 1:\n                    getEmailTextField = _a.sent();\n                    return [4 /*yield*/, driver.findElement(selenium_webdriver_1.By.css('input[formControlName=password]'))];\n                case 2:\n                    getPasswordTextField = _a.sent();\n                    getEmailTextField.sendKeys(valid_email);\n                    getPasswordTextField.sendKeys(valid_password);\n                    return [4 /*yield*/, driver.findElement(selenium_webdriver_1.By.id('login'))];\n                case 3:\n                    getLoginButton = _a.sent();\n                    return [4 /*yield*/, getLoginButton.click()];\n                case 4:\n                    _a.sent();\n                    return [4 /*yield*/, driver.wait(selenium_webdriver_1.until.elementLocated(selenium_webdriver_1.By.className('alert')), 10000)];\n                case 5:\n                    _a.sent();\n                    return [4 /*yield*/, driver\n                            .findElement(selenium_webdriver_1.By.className('alert'))\n                            .getText()];\n                case 6:\n                    getAlertMsg = _a.sent();\n                    assert.equal(getAlertMsg, 'Invalid email or password.', 'Wrong credentials keyed in');\n                    return [2 /*return*/];\n            }\n        });\n    });",
              "err": {},
              "uuid": "12a65946-0b70-4898-95e3-9f60ce29ab59",
              "parentUUID": "11a24d81-2c2a-4137-896b-25e300b92496",
              "isHook": false,
              "skipped": false
            },
            {
              "title": "key in valid email and password",
              "fullTitle": "Suite key in valid email and password",
              "timedOut": false,
              "duration": 998,
              "state": "passed",
              "speed": "slow",
              "pass": true,
              "fail": false,
              "pending": false,
              "context": null,
              "code": "return __awaiter(void 0, void 0, void 0, function () {\n        var valid_email, valid_password, getEmailTextField, getPasswordTextField, getLoginButton, currentUrl;\n        return __generator(this, function (_a) {\n            switch (_a.label) {\n                case 0:\n                    valid_email = 'admin@mail.com';\n                    valid_password = '123';\n                    return [4 /*yield*/, driver.findElement(selenium_webdriver_1.By.css('input[formControlName=email]'))];\n                case 1:\n                    getEmailTextField = _a.sent();\n                    return [4 /*yield*/, driver.findElement(selenium_webdriver_1.By.css('input[formControlName=password]'))];\n                case 2:\n                    getPasswordTextField = _a.sent();\n                    return [4 /*yield*/, getEmailTextField.clear()];\n                case 3:\n                    _a.sent();\n                    return [4 /*yield*/, getPasswordTextField.clear()];\n                case 4:\n                    _a.sent();\n                    getEmailTextField.sendKeys(valid_email);\n                    getPasswordTextField.sendKeys(valid_password);\n                    return [4 /*yield*/, driver.findElement(selenium_webdriver_1.By.id('login'))];\n                case 5:\n                    getLoginButton = _a.sent();\n                    return [4 /*yield*/, getLoginButton.click()];\n                case 6:\n                    _a.sent();\n                    return [4 /*yield*/, driver.wait(selenium_webdriver_1.until.urlIs('https://angular-e2e.herokuapp.com/'))];\n                case 7:\n                    _a.sent();\n                    return [4 /*yield*/, driver.getCurrentUrl()];\n                case 8:\n                    currentUrl = _a.sent();\n                    assert.equal('https://angular-e2e.herokuapp.com/', \n                    // 'http://localhost:4200/',\n                    currentUrl, 'Valid credentials keyed in and redirect');\n                    return [2 /*return*/];\n            }\n        });\n    });",
              "err": {},
              "uuid": "77703249-bdcf-4728-b273-18bf5a9bfdba",
              "parentUUID": "11a24d81-2c2a-4137-896b-25e300b92496",
              "isHook": false,
              "skipped": false
            },
            {
              "title": "go to register new customer tab",
              "fullTitle": "Suite go to register new customer tab",
              "timedOut": false,
              "duration": 147,
              "state": "passed",
              "speed": "slow",
              "pass": true,
              "fail": false,
              "pending": false,
              "context": null,
              "code": "return __awaiter(void 0, void 0, void 0, function () {\n        var getRegisterLink, currentUrl;\n        return __generator(this, function (_a) {\n            switch (_a.label) {\n                case 0: return [4 /*yield*/, driver.findElement(selenium_webdriver_1.By.xpath(\"//a[normalize-space()='Register New Customer']\"))];\n                case 1:\n                    getRegisterLink = _a.sent();\n                    return [4 /*yield*/, getRegisterLink.click()];\n                case 2:\n                    _a.sent();\n                    return [4 /*yield*/, driver.getCurrentUrl()];\n                case 3:\n                    currentUrl = _a.sent();\n                    assert.equal('https://angular-e2e.herokuapp.com/register', \n                    // 'http://localhost:4200/register',\n                    currentUrl, 'Successfuly navigate to register new customer page');\n                    return [2 /*return*/];\n            }\n        });\n    });",
              "err": {},
              "uuid": "f9134ade-e6b0-44f9-990b-b91eeaa98352",
              "parentUUID": "11a24d81-2c2a-4137-896b-25e300b92496",
              "isHook": false,
              "skipped": false
            },
            {
              "title": "register new customer without agent",
              "fullTitle": "Suite register new customer without agent",
              "timedOut": false,
              "duration": 361,
              "state": "passed",
              "speed": "slow",
              "pass": true,
              "fail": false,
              "pending": false,
              "context": null,
              "code": "return __awaiter(void 0, void 0, void 0, function () {\n        var newCustomer, getNameTextField, getInsuranceNameTextField, getDateTextField, getRegisterButton, getAlertMsg;\n        return __generator(this, function (_a) {\n            switch (_a.label) {\n                case 0:\n                    newCustomer = {\n                        name: 'New Customer',\n                        insuranceName: 'New Insurance',\n                        // agentName: 'New Agent',\n                        dateActivated: '18/02/2021',\n                    };\n                    return [4 /*yield*/, driver.findElement(selenium_webdriver_1.By.css('#name'))];\n                case 1:\n                    getNameTextField = _a.sent();\n                    return [4 /*yield*/, driver.findElement(selenium_webdriver_1.By.css('#insurance-name'))];\n                case 2:\n                    getInsuranceNameTextField = _a.sent();\n                    return [4 /*yield*/, driver.findElement(selenium_webdriver_1.By.css('#date-activated'))];\n                case 3:\n                    getDateTextField = _a.sent();\n                    getNameTextField.sendKeys(newCustomer.name);\n                    getInsuranceNameTextField.sendKeys(newCustomer.insuranceName);\n                    // getAgentNameTextField.sendKeys(newCustomer.agentName);\n                    getDateTextField.sendKeys(newCustomer.dateActivated);\n                    return [4 /*yield*/, driver.findElement(selenium_webdriver_1.By.css(\"button[type='submit']\"))];\n                case 4:\n                    getRegisterButton = _a.sent();\n                    return [4 /*yield*/, getRegisterButton.click()];\n                case 5:\n                    _a.sent();\n                    return [4 /*yield*/, driver\n                            .findElement(selenium_webdriver_1.By.className('alert'))\n                            .getText()];\n                case 6:\n                    getAlertMsg = _a.sent();\n                    assert.equal(getAlertMsg, 'Please fill all fields.', 'Got blank field(s) in the form');\n                    return [2 /*return*/];\n            }\n        });\n    });",
              "err": {},
              "uuid": "3a982f84-20bf-45d7-a22e-66ca26029615",
              "parentUUID": "11a24d81-2c2a-4137-896b-25e300b92496",
              "isHook": false,
              "skipped": false
            },
            {
              "title": "register new customer with all valid information",
              "fullTitle": "Suite register new customer with all valid information",
              "timedOut": false,
              "duration": 963,
              "state": "passed",
              "speed": "slow",
              "pass": true,
              "fail": false,
              "pending": false,
              "context": null,
              "code": "return __awaiter(void 0, void 0, void 0, function () {\n        var getAgentNameTextField, getRegisterButton, currentUrl;\n        return __generator(this, function (_a) {\n            switch (_a.label) {\n                case 0: return [4 /*yield*/, driver.findElement(selenium_webdriver_1.By.css('#agent-name'))];\n                case 1:\n                    getAgentNameTextField = _a.sent();\n                    getAgentNameTextField.sendKeys('new agent');\n                    return [4 /*yield*/, driver.findElement(selenium_webdriver_1.By.css(\"button[type='submit']\"))];\n                case 2:\n                    getRegisterButton = _a.sent();\n                    return [4 /*yield*/, getRegisterButton.click()];\n                case 3:\n                    _a.sent();\n                    return [4 /*yield*/, driver.wait(selenium_webdriver_1.until.urlIs('https://angular-e2e.herokuapp.com/'))];\n                case 4:\n                    _a.sent();\n                    return [4 /*yield*/, driver.getCurrentUrl()];\n                case 5:\n                    currentUrl = _a.sent();\n                    assert.equal('https://angular-e2e.herokuapp.com/', \n                    // 'http://localhost:4200/',\n                    currentUrl, 'Valid credentials keyed in and redirect');\n                    return [2 /*return*/];\n            }\n        });\n    });",
              "err": {},
              "uuid": "f900574a-e782-418f-a437-0f298a9d77ed",
              "parentUUID": "11a24d81-2c2a-4137-896b-25e300b92496",
              "isHook": false,
              "skipped": false
            },
            {
              "title": "Logout",
              "fullTitle": "Suite Logout",
              "timedOut": false,
              "duration": 79,
              "state": "passed",
              "speed": "slow",
              "pass": true,
              "fail": false,
              "pending": false,
              "context": null,
              "code": "return __awaiter(void 0, void 0, void 0, function () {\n        var getLogoutButton, getLoginButton, _a, _b, _c;\n        return __generator(this, function (_d) {\n            switch (_d.label) {\n                case 0: return [4 /*yield*/, driver.findElement(selenium_webdriver_1.By.xpath('/html[1]/body[1]/app-root[1]/nav[1]/ul[2]/li[1]/a[1]'))];\n                case 1:\n                    getLogoutButton = _d.sent();\n                    return [4 /*yield*/, getLogoutButton.click()];\n                case 2:\n                    _d.sent();\n                    return [4 /*yield*/, driver.findElement(selenium_webdriver_1.By.id('login'))];\n                case 3:\n                    getLoginButton = _d.sent();\n                    return [4 /*yield*/, driver.wait(selenium_webdriver_1.until.elementLocated(selenium_webdriver_1.By.id('login')), 10000)];\n                case 4:\n                    _d.sent();\n                    _b = (_a = assert).equal;\n                    _c = [true];\n                    return [4 /*yield*/, getLoginButton.isDisplayed()];\n                case 5:\n                    _b.apply(_a, _c.concat([_d.sent(), 'Logout Successfully']));\n                    return [2 /*return*/];\n            }\n        });\n    });",
              "err": {},
              "uuid": "9ce8a752-5998-4d04-95cd-32aada5ec94e",
              "parentUUID": "11a24d81-2c2a-4137-896b-25e300b92496",
              "isHook": false,
              "skipped": false
            }
          ],
          "suites": [],
          "passes": [
            "f90eebdc-de69-4b77-ad74-471a67add294",
            "12a65946-0b70-4898-95e3-9f60ce29ab59",
            "77703249-bdcf-4728-b273-18bf5a9bfdba",
            "f9134ade-e6b0-44f9-990b-b91eeaa98352",
            "3a982f84-20bf-45d7-a22e-66ca26029615",
            "f900574a-e782-418f-a437-0f298a9d77ed",
            "9ce8a752-5998-4d04-95cd-32aada5ec94e"
          ],
          "failures": [],
          "pending": [],
          "skipped": [],
          "duration": 10573,
          "root": false,
          "rootEmpty": false,
          "_timeout": 90000
        }
      ],
      "passes": [],
      "failures": [],
      "pending": [],
      "skipped": [],
      "duration": 0,
      "root": true,
      "rootEmpty": true,
      "_timeout": 90000
    }
  ],
  "meta": {
    "mocha": {
      "version": "8.2.1"
    },
    "mochawesome": {
      "options": {
        "quiet": false,
        "reportFilename": "mochawesome",
        "saveHtml": true,
        "saveJson": true,
        "consoleReporter": "spec",
        "useInlineDiffs": false,
        "code": true
      },
      "version": "6.2.1"
    },
    "marge": {
      "options": {
        "reportDir": "ReportDirectory",
        "": true
      },
      "version": "5.1.0"
    }
  }
}