{
  "stats": {
    "suites": 1,
    "tests": 6,
    "passes": 6,
    "pending": 0,
    "failures": 0,
    "start": "2021-02-18T13:36:23.771Z",
    "end": "2021-02-18T13:36:32.693Z",
    "duration": 8922,
    "testsRegistered": 6,
    "passPercent": 100,
    "pendingPercent": 0,
    "other": 0,
    "hasOther": false,
    "skipped": 0,
    "hasSkipped": false
  },
  "results": [
    {
      "uuid": "8b6c3a9f-ce92-497f-b7ad-34545efdf268",
      "title": "",
      "fullFile": "",
      "file": "",
      "beforeHooks": [],
      "afterHooks": [],
      "tests": [],
      "suites": [
        {
          "uuid": "79c2bea2-9f0a-4c88-9432-3e0cec640dad",
          "title": "Suite",
          "fullFile": "/Users/siewlapang/Desktop/test-selenium/src/test/test.ts",
          "file": "/src/test/test.ts",
          "beforeHooks": [
            {
              "title": "\"before all\" hook: Before in \"Suite\"",
              "fullTitle": "Suite \"before all\" hook: Before in \"Suite\"",
              "timedOut": false,
              "duration": 4,
              "state": null,
              "speed": null,
              "pass": false,
              "fail": false,
              "pending": false,
              "context": null,
              "code": "return __awaiter(void 0, void 0, void 0, function () {\n        return __generator(this, function (_a) {\n            driver = new selenium_webdriver_1.Builder().forBrowser('chrome').build();\n            return [2 /*return*/];\n        });\n    });",
              "err": {},
              "uuid": "ce1cb54d-5a4c-4d85-8b79-789dd946d418",
              "parentUUID": "79c2bea2-9f0a-4c88-9432-3e0cec640dad",
              "isHook": true,
              "skipped": false
            }
          ],
          "afterHooks": [
            {
              "title": "\"after all\" hook: After in \"Suite\"",
              "fullTitle": "Suite \"after all\" hook: After in \"Suite\"",
              "timedOut": false,
              "duration": 54,
              "state": null,
              "speed": null,
              "pass": false,
              "fail": false,
              "pending": false,
              "context": null,
              "code": "return __awaiter(void 0, void 0, void 0, function () {\n        return __generator(this, function (_a) {\n            switch (_a.label) {\n                case 0: return [4 /*yield*/, driver.quit()];\n                case 1:\n                    _a.sent();\n                    return [2 /*return*/];\n            }\n        });\n    });",
              "err": {},
              "uuid": "d8588751-2656-4fbe-ad9b-f7659cf2eb03",
              "parentUUID": "79c2bea2-9f0a-4c88-9432-3e0cec640dad",
              "isHook": true,
              "skipped": false
            }
          ],
          "tests": [
            {
              "title": "Open website and verify it is opened and redirect to login",
              "fullTitle": "Suite Open website and verify it is opened and redirect to login",
              "timedOut": false,
              "duration": 6345,
              "state": "passed",
              "speed": "slow",
              "pass": true,
              "fail": false,
              "pending": false,
              "context": null,
              "code": "return __awaiter(void 0, void 0, void 0, function () {\n        var currentUrl;\n        return __generator(this, function (_a) {\n            switch (_a.label) {\n                case 0: return [4 /*yield*/, driver.get('https://angular-e2e.herokuapp.com/login')];\n                case 1:\n                    _a.sent();\n                    return [4 /*yield*/, driver.getCurrentUrl()];\n                case 2:\n                    currentUrl = _a.sent();\n                    assert.equal('https://angular-e2e.herokuapp.com/login', \n                    // 'http://localhost:4200/login',\n                    currentUrl, 'The website is not opened and redirect');\n                    return [2 /*return*/];\n            }\n        });\n    });",
              "err": {},
              "uuid": "9004f742-03ec-4988-a510-b96530609e0a",
              "parentUUID": "79c2bea2-9f0a-4c88-9432-3e0cec640dad",
              "isHook": false,
              "skipped": false
            },
            {
              "title": "key in invalid email and password",
              "fullTitle": "Suite key in invalid email and password",
              "timedOut": false,
              "duration": 551,
              "state": "passed",
              "speed": "slow",
              "pass": true,
              "fail": false,
              "pending": false,
              "context": null,
              "code": "return __awaiter(void 0, void 0, void 0, function () {\n        var valid_email, valid_password, getEmailTextField, getPasswordTextField, getLoginButton, getAlertMsg;\n        return __generator(this, function (_a) {\n            switch (_a.label) {\n                case 0:\n                    valid_email = 'wrong';\n                    valid_password = 'wrong';\n                    return [4 /*yield*/, driver.findElement(selenium_webdriver_1.By.css('input[formControlName=email]'))];\n                case 1:\n                    getEmailTextField = _a.sent();\n                    return [4 /*yield*/, driver.findElement(selenium_webdriver_1.By.css('input[formControlName=password]'))];\n                case 2:\n                    getPasswordTextField = _a.sent();\n                    getEmailTextField.sendKeys(valid_email);\n                    getPasswordTextField.sendKeys(valid_password);\n                    return [4 /*yield*/, driver.findElement(selenium_webdriver_1.By.id('login'))];\n                case 3:\n                    getLoginButton = _a.sent();\n                    return [4 /*yield*/, getLoginButton.click()];\n                case 4:\n                    _a.sent();\n                    return [4 /*yield*/, driver\n                            .findElement(selenium_webdriver_1.By.className('alert'))\n                            .getText()];\n                case 5:\n                    getAlertMsg = _a.sent();\n                    assert.equal(getAlertMsg, 'Invalid email or password.', 'Wrong credentials keyed in');\n                    return [2 /*return*/];\n            }\n        });\n    });",
              "err": {},
              "uuid": "fb651b67-828a-468d-bb17-dc4cf5d018c5",
              "parentUUID": "79c2bea2-9f0a-4c88-9432-3e0cec640dad",
              "isHook": false,
              "skipped": false
            },
            {
              "title": "key in valid email and password",
              "fullTitle": "Suite key in valid email and password",
              "timedOut": false,
              "duration": 266,
              "state": "passed",
              "speed": "slow",
              "pass": true,
              "fail": false,
              "pending": false,
              "context": null,
              "code": "return __awaiter(void 0, void 0, void 0, function () {\n        var valid_email, valid_password, getEmailTextField, getPasswordTextField, getLoginButton, currentUrl;\n        return __generator(this, function (_a) {\n            switch (_a.label) {\n                case 0:\n                    valid_email = 'admin@mail.com';\n                    valid_password = 'test123';\n                    return [4 /*yield*/, driver.findElement(selenium_webdriver_1.By.css('input[formControlName=email]'))];\n                case 1:\n                    getEmailTextField = _a.sent();\n                    return [4 /*yield*/, driver.findElement(selenium_webdriver_1.By.css('input[formControlName=password]'))];\n                case 2:\n                    getPasswordTextField = _a.sent();\n                    return [4 /*yield*/, getEmailTextField.clear()];\n                case 3:\n                    _a.sent();\n                    return [4 /*yield*/, getPasswordTextField.clear()];\n                case 4:\n                    _a.sent();\n                    getEmailTextField.sendKeys(valid_email);\n                    getPasswordTextField.sendKeys(valid_password);\n                    return [4 /*yield*/, driver.findElement(selenium_webdriver_1.By.id('login'))];\n                case 5:\n                    getLoginButton = _a.sent();\n                    return [4 /*yield*/, getLoginButton.click()];\n                case 6:\n                    _a.sent();\n                    return [4 /*yield*/, driver.getCurrentUrl()];\n                case 7:\n                    currentUrl = _a.sent();\n                    assert.equal('https://angular-e2e.herokuapp.com/', \n                    // 'http://localhost:4200/',\n                    currentUrl, 'Valid credentials keyed in and redirect');\n                    return [2 /*return*/];\n            }\n        });\n    });",
              "err": {},
              "uuid": "6f7feddb-5592-4e19-8de7-e82c42a98ca1",
              "parentUUID": "79c2bea2-9f0a-4c88-9432-3e0cec640dad",
              "isHook": false,
              "skipped": false
            },
            {
              "title": "go to register new customer tab",
              "fullTitle": "Suite go to register new customer tab",
              "timedOut": false,
              "duration": 194,
              "state": "passed",
              "speed": "slow",
              "pass": true,
              "fail": false,
              "pending": false,
              "context": null,
              "code": "return __awaiter(void 0, void 0, void 0, function () {\n        var getRegisterLink, currentUrl;\n        return __generator(this, function (_a) {\n            switch (_a.label) {\n                case 0: return [4 /*yield*/, driver.findElement(selenium_webdriver_1.By.xpath(\"//a[normalize-space()='Register New Customer']\"))];\n                case 1:\n                    getRegisterLink = _a.sent();\n                    return [4 /*yield*/, getRegisterLink.click()];\n                case 2:\n                    _a.sent();\n                    return [4 /*yield*/, driver.getCurrentUrl()];\n                case 3:\n                    currentUrl = _a.sent();\n                    assert.equal('https://angular-e2e.herokuapp.com/register', \n                    // 'http://localhost:4200/register',\n                    currentUrl, 'Successfuly navigate to register new customer page');\n                    return [2 /*return*/];\n            }\n        });\n    });",
              "err": {},
              "uuid": "33039be9-0792-4d7e-810f-3518ab3fa14f",
              "parentUUID": "79c2bea2-9f0a-4c88-9432-3e0cec640dad",
              "isHook": false,
              "skipped": false
            },
            {
              "title": "register new customer without agent",
              "fullTitle": "Suite register new customer without agent",
              "timedOut": false,
              "duration": 382,
              "state": "passed",
              "speed": "slow",
              "pass": true,
              "fail": false,
              "pending": false,
              "context": null,
              "code": "return __awaiter(void 0, void 0, void 0, function () {\n        var newCustomer, getNameTextField, getInsuranceNameTextField, getDateTextField, getRegisterButton, getAlertMsg;\n        return __generator(this, function (_a) {\n            switch (_a.label) {\n                case 0:\n                    newCustomer = {\n                        name: 'New Customer',\n                        insuranceName: 'New Insurance',\n                        // agentName: 'New Agent',\n                        dateActivated: '18/02/2021',\n                    };\n                    return [4 /*yield*/, driver.findElement(selenium_webdriver_1.By.css('#name'))];\n                case 1:\n                    getNameTextField = _a.sent();\n                    return [4 /*yield*/, driver.findElement(selenium_webdriver_1.By.css('#insurance-name'))];\n                case 2:\n                    getInsuranceNameTextField = _a.sent();\n                    return [4 /*yield*/, driver.findElement(selenium_webdriver_1.By.css('#date-activated'))];\n                case 3:\n                    getDateTextField = _a.sent();\n                    getNameTextField.sendKeys(newCustomer.name);\n                    getInsuranceNameTextField.sendKeys(newCustomer.insuranceName);\n                    // getAgentNameTextField.sendKeys(newCustomer.agentName);\n                    getDateTextField.sendKeys(newCustomer.dateActivated);\n                    return [4 /*yield*/, driver.findElement(selenium_webdriver_1.By.css(\"button[type='submit']\"))];\n                case 4:\n                    getRegisterButton = _a.sent();\n                    return [4 /*yield*/, getRegisterButton.click()];\n                case 5:\n                    _a.sent();\n                    return [4 /*yield*/, driver\n                            .findElement(selenium_webdriver_1.By.className('alert'))\n                            .getText()];\n                case 6:\n                    getAlertMsg = _a.sent();\n                    assert.equal(getAlertMsg, 'Please fill all fields.', 'Got blank fields in the form');\n                    return [2 /*return*/];\n            }\n        });\n    });",
              "err": {},
              "uuid": "87f9f202-829e-4a6f-bf85-ee9596951538",
              "parentUUID": "79c2bea2-9f0a-4c88-9432-3e0cec640dad",
              "isHook": false,
              "skipped": false
            },
            {
              "title": "register new customer with all valid information",
              "fullTitle": "Suite register new customer with all valid information",
              "timedOut": false,
              "duration": 1088,
              "state": "passed",
              "speed": "slow",
              "pass": true,
              "fail": false,
              "pending": false,
              "context": null,
              "code": "return __awaiter(void 0, void 0, void 0, function () {\n        var getAgentNameTextField, getRegisterButton, currentUrl;\n        return __generator(this, function (_a) {\n            switch (_a.label) {\n                case 0: return [4 /*yield*/, driver.findElement(selenium_webdriver_1.By.css('#agent-name'))];\n                case 1:\n                    getAgentNameTextField = _a.sent();\n                    getAgentNameTextField.sendKeys('new agent');\n                    return [4 /*yield*/, driver.findElement(selenium_webdriver_1.By.css(\"button[type='submit']\"))];\n                case 2:\n                    getRegisterButton = _a.sent();\n                    return [4 /*yield*/, getRegisterButton.click()];\n                case 3:\n                    _a.sent();\n                    return [4 /*yield*/, driver.wait(selenium_webdriver_1.until.urlIs('https://angular-e2e.herokuapp.com/'))];\n                case 4:\n                    _a.sent();\n                    return [4 /*yield*/, driver.getCurrentUrl()];\n                case 5:\n                    currentUrl = _a.sent();\n                    assert.equal('https://angular-e2e.herokuapp.com/', \n                    // 'http://localhost:4200/',\n                    currentUrl, 'Valid credentials keyed in and redirect');\n                    return [2 /*return*/];\n            }\n        });\n    });",
              "err": {},
              "uuid": "601b619e-dc88-4133-9379-05326c22e6f7",
              "parentUUID": "79c2bea2-9f0a-4c88-9432-3e0cec640dad",
              "isHook": false,
              "skipped": false
            }
          ],
          "suites": [],
          "passes": [
            "9004f742-03ec-4988-a510-b96530609e0a",
            "fb651b67-828a-468d-bb17-dc4cf5d018c5",
            "6f7feddb-5592-4e19-8de7-e82c42a98ca1",
            "33039be9-0792-4d7e-810f-3518ab3fa14f",
            "87f9f202-829e-4a6f-bf85-ee9596951538",
            "601b619e-dc88-4133-9379-05326c22e6f7"
          ],
          "failures": [],
          "pending": [],
          "skipped": [],
          "duration": 8826,
          "root": false,
          "rootEmpty": false,
          "_timeout": 90000
        }
      ],
      "passes": [],
      "failures": [],
      "pending": [],
      "skipped": [],
      "duration": 0,
      "root": true,
      "rootEmpty": true,
      "_timeout": 90000
    }
  ],
  "meta": {
    "mocha": {
      "version": "8.2.1"
    },
    "mochawesome": {
      "options": {
        "quiet": false,
        "reportFilename": "mochawesome",
        "saveHtml": true,
        "saveJson": true,
        "consoleReporter": "spec",
        "useInlineDiffs": false,
        "code": true
      },
      "version": "6.2.1"
    },
    "marge": {
      "options": {
        "reportDir": "ReportDirectory",
        "": true
      },
      "version": "5.1.0"
    }
  }
}