{
  "stats": {
    "suites": 1,
    "tests": 2,
    "passes": 2,
    "pending": 0,
    "failures": 0,
    "start": "2021-02-13T04:57:24.267Z",
    "end": "2021-02-13T04:57:36.783Z",
    "duration": 12516,
    "testsRegistered": 2,
    "passPercent": 100,
    "pendingPercent": 0,
    "other": 0,
    "hasOther": false,
    "skipped": 0,
    "hasSkipped": false
  },
  "results": [
    {
      "uuid": "e6274b2f-d7d7-44dc-b31e-3e9ae8daf6a0",
      "title": "",
      "fullFile": "",
      "file": "",
      "beforeHooks": [],
      "afterHooks": [],
      "tests": [],
      "suites": [
        {
          "uuid": "f3cef669-a798-4848-a272-da0bd886178e",
          "title": "Suite",
          "fullFile": "/Users/siewlapang/Desktop/test-selenium/src/test/test.ts",
          "file": "/src/test/test.ts",
          "beforeHooks": [
            {
              "title": "\"before all\" hook: Before in \"Suite\"",
              "fullTitle": "Suite \"before all\" hook: Before in \"Suite\"",
              "timedOut": false,
              "duration": 3,
              "state": null,
              "speed": null,
              "pass": false,
              "fail": false,
              "pending": false,
              "context": null,
              "code": "return __awaiter(void 0, void 0, void 0, function () {\n        return __generator(this, function (_a) {\n            driver = new selenium_webdriver_1.Builder().forBrowser('chrome').build();\n            return [2 /*return*/];\n        });\n    });",
              "err": {},
              "uuid": "dd40d2cb-d2b2-4bd6-b1c6-bc655f205faa",
              "parentUUID": "f3cef669-a798-4848-a272-da0bd886178e",
              "isHook": true,
              "skipped": false
            }
          ],
          "afterHooks": [
            {
              "title": "\"after all\" hook: After in \"Suite\"",
              "fullTitle": "Suite \"after all\" hook: After in \"Suite\"",
              "timedOut": false,
              "duration": 54,
              "state": null,
              "speed": null,
              "pass": false,
              "fail": false,
              "pending": false,
              "context": null,
              "code": "return __awaiter(void 0, void 0, void 0, function () {\n        return __generator(this, function (_a) {\n            switch (_a.label) {\n                case 0: return [4 /*yield*/, driver.quit()];\n                case 1:\n                    _a.sent();\n                    return [2 /*return*/];\n            }\n        });\n    });",
              "err": {},
              "uuid": "71696b3e-3d02-4720-913c-74747f6be435",
              "parentUUID": "f3cef669-a798-4848-a272-da0bd886178e",
              "isHook": true,
              "skipped": false
            }
          ],
          "tests": [
            {
              "title": "Open website and verify it is opened and redirect to login",
              "fullTitle": "Suite Open website and verify it is opened and redirect to login",
              "timedOut": false,
              "duration": 6494,
              "state": "passed",
              "speed": "slow",
              "pass": true,
              "fail": false,
              "pending": false,
              "context": null,
              "code": "return __awaiter(void 0, void 0, void 0, function () {\n        var currentUrl;\n        return __generator(this, function (_a) {\n            switch (_a.label) {\n                case 0: return [4 /*yield*/, driver.get('https://angular-e2e.herokuapp.com/')];\n                case 1:\n                    _a.sent();\n                    return [4 /*yield*/, driver.getCurrentUrl()];\n                case 2:\n                    currentUrl = _a.sent();\n                    assert.equal('https://angular-e2e.herokuapp.com/login', currentUrl, 'The website is not opened');\n                    return [2 /*return*/];\n            }\n        });\n    });",
              "err": {},
              "uuid": "8e15bfff-fe20-4c09-bb98-9b4dfb845c5f",
              "parentUUID": "f3cef669-a798-4848-a272-da0bd886178e",
              "isHook": false,
              "skipped": false
            },
            {
              "title": "Open  youtube and verify it is opened",
              "fullTitle": "Suite Open  youtube and verify it is opened",
              "timedOut": false,
              "duration": 5934,
              "state": "passed",
              "speed": "slow",
              "pass": true,
              "fail": false,
              "pending": false,
              "context": null,
              "code": "return __awaiter(void 0, void 0, void 0, function () {\n        var currentUrl;\n        return __generator(this, function (_a) {\n            switch (_a.label) {\n                case 0: return [4 /*yield*/, driver.get('https://www.youtube.com')];\n                case 1:\n                    _a.sent();\n                    return [4 /*yield*/, driver.getCurrentUrl()];\n                case 2:\n                    currentUrl = _a.sent();\n                    assert.equal('https://www.youtube.com/', currentUrl, 'The youtube is not opened');\n                    return [2 /*return*/];\n            }\n        });\n    });",
              "err": {},
              "uuid": "124cc1f0-466e-4a56-8d77-005da0cf9b9d",
              "parentUUID": "f3cef669-a798-4848-a272-da0bd886178e",
              "isHook": false,
              "skipped": false
            }
          ],
          "suites": [],
          "passes": [
            "8e15bfff-fe20-4c09-bb98-9b4dfb845c5f",
            "124cc1f0-466e-4a56-8d77-005da0cf9b9d"
          ],
          "failures": [],
          "pending": [],
          "skipped": [],
          "duration": 12428,
          "root": false,
          "rootEmpty": false,
          "_timeout": 90000
        }
      ],
      "passes": [],
      "failures": [],
      "pending": [],
      "skipped": [],
      "duration": 0,
      "root": true,
      "rootEmpty": true,
      "_timeout": 90000
    }
  ],
  "meta": {
    "mocha": {
      "version": "8.2.1"
    },
    "mochawesome": {
      "options": {
        "quiet": false,
        "reportFilename": "mochawesome",
        "saveHtml": true,
        "saveJson": true,
        "consoleReporter": "spec",
        "useInlineDiffs": false,
        "code": true
      },
      "version": "6.2.1"
    },
    "marge": {
      "options": {
        "reportDir": "ReportDirectory",
        "": true
      },
      "version": "5.1.0"
    }
  }
}