{
  "stats": {
    "suites": 1,
    "tests": 3,
    "passes": 3,
    "pending": 0,
    "failures": 0,
    "start": "2021-02-14T09:25:06.835Z",
    "end": "2021-02-14T09:25:10.847Z",
    "duration": 4012,
    "testsRegistered": 3,
    "passPercent": 100,
    "pendingPercent": 0,
    "other": 0,
    "hasOther": false,
    "skipped": 0,
    "hasSkipped": false
  },
  "results": [
    {
      "uuid": "a0c97a11-5949-4a42-9417-6b5f5c78d2cb",
      "title": "",
      "fullFile": "",
      "file": "",
      "beforeHooks": [],
      "afterHooks": [],
      "tests": [],
      "suites": [
        {
          "uuid": "46537643-8112-4e06-bbfe-63cd802e4fd5",
          "title": "Suite",
          "fullFile": "/Users/siewlapang/Desktop/test-selenium/src/test/test.ts",
          "file": "/src/test/test.ts",
          "beforeHooks": [
            {
              "title": "\"before all\" hook: Before in \"Suite\"",
              "fullTitle": "Suite \"before all\" hook: Before in \"Suite\"",
              "timedOut": false,
              "duration": 3,
              "state": null,
              "speed": null,
              "pass": false,
              "fail": false,
              "pending": false,
              "context": null,
              "code": "return __awaiter(void 0, void 0, void 0, function () {\n        return __generator(this, function (_a) {\n            driver = new selenium_webdriver_1.Builder().forBrowser('chrome').build();\n            return [2 /*return*/];\n        });\n    });",
              "err": {},
              "uuid": "9e0c9c95-1166-4dbc-b6a1-162087dde1cd",
              "parentUUID": "46537643-8112-4e06-bbfe-63cd802e4fd5",
              "isHook": true,
              "skipped": false
            }
          ],
          "afterHooks": [
            {
              "title": "\"after all\" hook: After in \"Suite\"",
              "fullTitle": "Suite \"after all\" hook: After in \"Suite\"",
              "timedOut": false,
              "duration": 52,
              "state": null,
              "speed": null,
              "pass": false,
              "fail": false,
              "pending": false,
              "context": null,
              "code": "return __awaiter(void 0, void 0, void 0, function () {\n        return __generator(this, function (_a) {\n            switch (_a.label) {\n                case 0: return [4 /*yield*/, driver.quit()];\n                case 1:\n                    _a.sent();\n                    return [2 /*return*/];\n            }\n        });\n    });",
              "err": {},
              "uuid": "4aacedc0-06ab-4db9-b83d-1a01cf9b77bc",
              "parentUUID": "46537643-8112-4e06-bbfe-63cd802e4fd5",
              "isHook": true,
              "skipped": false
            }
          ],
          "tests": [
            {
              "title": "Open website and verify it is opened and redirect to login",
              "fullTitle": "Suite Open website and verify it is opened and redirect to login",
              "timedOut": false,
              "duration": 3309,
              "state": "passed",
              "speed": "slow",
              "pass": true,
              "fail": false,
              "pending": false,
              "context": null,
              "code": "return __awaiter(void 0, void 0, void 0, function () {\n        var currentUrl;\n        return __generator(this, function (_a) {\n            switch (_a.label) {\n                case 0: return [4 /*yield*/, driver.get('http://localhost:4200/login')];\n                case 1:\n                    _a.sent();\n                    return [4 /*yield*/, driver.getCurrentUrl()];\n                case 2:\n                    currentUrl = _a.sent();\n                    assert.equal(\n                    // 'https://angular-e2e.herokuapp.com/login',\n                    'http://localhost:4200/login', currentUrl, 'The website is not opened and redirect');\n                    return [2 /*return*/];\n            }\n        });\n    });",
              "err": {},
              "uuid": "39c87332-1684-4b2c-beb2-ddcf8cf0210c",
              "parentUUID": "46537643-8112-4e06-bbfe-63cd802e4fd5",
              "isHook": false,
              "skipped": false
            },
            {
              "title": "key in invalid email and password",
              "fullTitle": "Suite key in invalid email and password",
              "timedOut": false,
              "duration": 424,
              "state": "passed",
              "speed": "slow",
              "pass": true,
              "fail": false,
              "pending": false,
              "context": null,
              "code": "return __awaiter(void 0, void 0, void 0, function () {\n        var valid_email, valid_password, getEmailTextField, getPasswordTextField, getLoginButton, getAlertMsg;\n        return __generator(this, function (_a) {\n            switch (_a.label) {\n                case 0:\n                    valid_email = 'wrong';\n                    valid_password = 'wrong';\n                    return [4 /*yield*/, driver.findElement(selenium_webdriver_1.By.css('input[formControlName=email]'))];\n                case 1:\n                    getEmailTextField = _a.sent();\n                    return [4 /*yield*/, driver.findElement(selenium_webdriver_1.By.css('input[formControlName=password]'))];\n                case 2:\n                    getPasswordTextField = _a.sent();\n                    getEmailTextField.sendKeys(valid_email);\n                    getPasswordTextField.sendKeys(valid_password);\n                    return [4 /*yield*/, driver.findElement(selenium_webdriver_1.By.id('login'))];\n                case 3:\n                    getLoginButton = _a.sent();\n                    return [4 /*yield*/, getLoginButton.click()];\n                case 4:\n                    _a.sent();\n                    return [4 /*yield*/, driver\n                            .findElement(selenium_webdriver_1.By.className('alert'))\n                            .getText()];\n                case 5:\n                    getAlertMsg = _a.sent();\n                    assert.equal(getAlertMsg, 'Invalid email or password.', 'Wrong credentials keyed in');\n                    return [2 /*return*/];\n            }\n        });\n    });",
              "err": {},
              "uuid": "e558b6e1-a0db-4fa1-ad95-c2d150d7d49e",
              "parentUUID": "46537643-8112-4e06-bbfe-63cd802e4fd5",
              "isHook": false,
              "skipped": false
            },
            {
              "title": "key in valid email and password",
              "fullTitle": "Suite key in valid email and password",
              "timedOut": false,
              "duration": 194,
              "state": "passed",
              "speed": "slow",
              "pass": true,
              "fail": false,
              "pending": false,
              "context": null,
              "code": "return __awaiter(void 0, void 0, void 0, function () {\n        var valid_email, valid_password, getEmailTextField, getPasswordTextField, getLoginButton, currentUrl;\n        return __generator(this, function (_a) {\n            switch (_a.label) {\n                case 0:\n                    valid_email = 'admin@mail.com';\n                    valid_password = 'test123';\n                    return [4 /*yield*/, driver.findElement(selenium_webdriver_1.By.css('input[formControlName=email]'))];\n                case 1:\n                    getEmailTextField = _a.sent();\n                    return [4 /*yield*/, driver.findElement(selenium_webdriver_1.By.css('input[formControlName=password]'))];\n                case 2:\n                    getPasswordTextField = _a.sent();\n                    return [4 /*yield*/, getEmailTextField.clear()];\n                case 3:\n                    _a.sent();\n                    return [4 /*yield*/, getPasswordTextField.clear()];\n                case 4:\n                    _a.sent();\n                    getEmailTextField.sendKeys(valid_email);\n                    getPasswordTextField.sendKeys(valid_password);\n                    return [4 /*yield*/, driver.findElement(selenium_webdriver_1.By.id('login'))];\n                case 5:\n                    getLoginButton = _a.sent();\n                    return [4 /*yield*/, getLoginButton.click()];\n                case 6:\n                    _a.sent();\n                    return [4 /*yield*/, driver.getCurrentUrl()];\n                case 7:\n                    currentUrl = _a.sent();\n                    assert.equal(\n                    // 'https://angular-e2e.herokuapp.com/login',\n                    'http://localhost:4200/', currentUrl, 'Valid credentials keyed in and redirect');\n                    return [2 /*return*/];\n            }\n        });\n    });",
              "err": {},
              "uuid": "6e4d8ec5-4075-4bfb-bab0-2ef395bdfd6b",
              "parentUUID": "46537643-8112-4e06-bbfe-63cd802e4fd5",
              "isHook": false,
              "skipped": false
            }
          ],
          "suites": [],
          "passes": [
            "39c87332-1684-4b2c-beb2-ddcf8cf0210c",
            "e558b6e1-a0db-4fa1-ad95-c2d150d7d49e",
            "6e4d8ec5-4075-4bfb-bab0-2ef395bdfd6b"
          ],
          "failures": [],
          "pending": [],
          "skipped": [],
          "duration": 3927,
          "root": false,
          "rootEmpty": false,
          "_timeout": 90000
        }
      ],
      "passes": [],
      "failures": [],
      "pending": [],
      "skipped": [],
      "duration": 0,
      "root": true,
      "rootEmpty": true,
      "_timeout": 90000
    }
  ],
  "meta": {
    "mocha": {
      "version": "8.2.1"
    },
    "mochawesome": {
      "options": {
        "quiet": false,
        "reportFilename": "mochawesome",
        "saveHtml": true,
        "saveJson": true,
        "consoleReporter": "spec",
        "useInlineDiffs": false,
        "code": true
      },
      "version": "6.2.1"
    },
    "marge": {
      "options": {
        "reportDir": "ReportDirectory",
        "": true
      },
      "version": "5.1.0"
    }
  }
}