{
  "stats": {
    "suites": 1,
    "tests": 7,
    "passes": 7,
    "pending": 0,
    "failures": 0,
    "start": "2021-02-23T08:49:38.144Z",
    "end": "2021-02-23T08:49:46.642Z",
    "duration": 8498,
    "testsRegistered": 7,
    "passPercent": 100,
    "pendingPercent": 0,
    "other": 0,
    "hasOther": false,
    "skipped": 0,
    "hasSkipped": false
  },
  "results": [
    {
      "uuid": "584249ad-b12e-499d-9ca5-89f0b304abab",
      "title": "",
      "fullFile": "",
      "file": "",
      "beforeHooks": [],
      "afterHooks": [],
      "tests": [],
      "suites": [
        {
          "uuid": "24cc1fdb-d14f-45d3-a08e-c8d6b026387a",
          "title": "Suite",
          "fullFile": "/Users/siewlapang/Desktop/test-selenium/src/test/test.ts",
          "file": "/src/test/test.ts",
          "beforeHooks": [
            {
              "title": "\"before all\" hook: Before in \"Suite\"",
              "fullTitle": "Suite \"before all\" hook: Before in \"Suite\"",
              "timedOut": false,
              "duration": 3,
              "state": null,
              "speed": null,
              "pass": false,
              "fail": false,
              "pending": false,
              "context": null,
              "code": "return __awaiter(void 0, void 0, void 0, function () {\n        return __generator(this, function (_a) {\n            driver = new selenium_webdriver_1.Builder().forBrowser('chrome').build();\n            return [2 /*return*/];\n        });\n    });",
              "err": {},
              "uuid": "9f0fb77a-6035-49bf-a550-6ffe8c204f04",
              "parentUUID": "24cc1fdb-d14f-45d3-a08e-c8d6b026387a",
              "isHook": true,
              "skipped": false
            }
          ],
          "afterHooks": [
            {
              "title": "\"after all\" hook: After in \"Suite\"",
              "fullTitle": "Suite \"after all\" hook: After in \"Suite\"",
              "timedOut": false,
              "duration": 53,
              "state": null,
              "speed": null,
              "pass": false,
              "fail": false,
              "pending": false,
              "context": null,
              "code": "return __awaiter(void 0, void 0, void 0, function () {\n        return __generator(this, function (_a) {\n            switch (_a.label) {\n                case 0: return [4 /*yield*/, driver.quit()];\n                case 1:\n                    _a.sent();\n                    return [2 /*return*/];\n            }\n        });\n    });",
              "err": {},
              "uuid": "4fd210a9-1ec9-46f3-b0c4-3526ff125022",
              "parentUUID": "24cc1fdb-d14f-45d3-a08e-c8d6b026387a",
              "isHook": true,
              "skipped": false
            }
          ],
          "tests": [
            {
              "title": "Open website and verify it is opened and redirect to login",
              "fullTitle": "Suite Open website and verify it is opened and redirect to login",
              "timedOut": false,
              "duration": 4180,
              "state": "passed",
              "speed": "slow",
              "pass": true,
              "fail": false,
              "pending": false,
              "context": null,
              "code": "return __awaiter(void 0, void 0, void 0, function () {\n        var currentUrl;\n        return __generator(this, function (_a) {\n            switch (_a.label) {\n                case 0: \n                // await driver.get('https://angular-e2e.herokuapp.com/login');\n                return [4 /*yield*/, driver.get('http://localhost:4200/login')];\n                case 1:\n                    // await driver.get('https://angular-e2e.herokuapp.com/login');\n                    _a.sent();\n                    return [4 /*yield*/, driver.getCurrentUrl()];\n                case 2:\n                    currentUrl = _a.sent();\n                    assert.equal(\n                    // 'https://angular-e2e.herokuapp.com/login',\n                    'http://localhost:4200/login', currentUrl, 'The website is not opened and redirect');\n                    return [2 /*return*/];\n            }\n        });\n    });",
              "err": {},
              "uuid": "b13ede55-b2b8-46d8-8699-5b23cc1ced83",
              "parentUUID": "24cc1fdb-d14f-45d3-a08e-c8d6b026387a",
              "isHook": false,
              "skipped": false
            },
            {
              "title": "key in invalid email and password",
              "fullTitle": "Suite key in invalid email and password",
              "timedOut": false,
              "duration": 1997,
              "state": "passed",
              "speed": "slow",
              "pass": true,
              "fail": false,
              "pending": false,
              "context": null,
              "code": "return __awaiter(void 0, void 0, void 0, function () {\n        var valid_email, valid_password, getEmailTextField, getPasswordTextField, getLoginButton, getAlertMsg;\n        return __generator(this, function (_a) {\n            switch (_a.label) {\n                case 0:\n                    valid_email = 'wrong';\n                    valid_password = 'wrong';\n                    return [4 /*yield*/, driver.findElement(selenium_webdriver_1.By.css('input[formControlName=email]'))];\n                case 1:\n                    getEmailTextField = _a.sent();\n                    return [4 /*yield*/, driver.findElement(selenium_webdriver_1.By.css('input[formControlName=password]'))];\n                case 2:\n                    getPasswordTextField = _a.sent();\n                    getEmailTextField.sendKeys(valid_email);\n                    getPasswordTextField.sendKeys(valid_password);\n                    return [4 /*yield*/, driver.findElement(selenium_webdriver_1.By.id('login'))];\n                case 3:\n                    getLoginButton = _a.sent();\n                    return [4 /*yield*/, getLoginButton.click()];\n                case 4:\n                    _a.sent();\n                    return [4 /*yield*/, driver.wait(selenium_webdriver_1.until.elementLocated(selenium_webdriver_1.By.className('alert')), 10000)];\n                case 5:\n                    _a.sent();\n                    return [4 /*yield*/, driver\n                            .findElement(selenium_webdriver_1.By.className('alert'))\n                            .getText()];\n                case 6:\n                    getAlertMsg = _a.sent();\n                    assert.equal(getAlertMsg, 'Invalid email or password.', 'Wrong credentials keyed in');\n                    return [2 /*return*/];\n            }\n        });\n    });",
              "err": {},
              "uuid": "4cfc7c86-d733-4e53-afd7-c53d69f53b93",
              "parentUUID": "24cc1fdb-d14f-45d3-a08e-c8d6b026387a",
              "isHook": false,
              "skipped": false
            },
            {
              "title": "key in valid email and password",
              "fullTitle": "Suite key in valid email and password",
              "timedOut": false,
              "duration": 819,
              "state": "passed",
              "speed": "slow",
              "pass": true,
              "fail": false,
              "pending": false,
              "context": null,
              "code": "return __awaiter(void 0, void 0, void 0, function () {\n        var valid_email, valid_password, getEmailTextField, getPasswordTextField, getLoginButton, currentUrl;\n        return __generator(this, function (_a) {\n            switch (_a.label) {\n                case 0:\n                    valid_email = 'admin@mail.com';\n                    valid_password = '123';\n                    return [4 /*yield*/, driver.findElement(selenium_webdriver_1.By.css('input[formControlName=email]'))];\n                case 1:\n                    getEmailTextField = _a.sent();\n                    return [4 /*yield*/, driver.findElement(selenium_webdriver_1.By.css('input[formControlName=password]'))];\n                case 2:\n                    getPasswordTextField = _a.sent();\n                    return [4 /*yield*/, getEmailTextField.clear()];\n                case 3:\n                    _a.sent();\n                    return [4 /*yield*/, getPasswordTextField.clear()];\n                case 4:\n                    _a.sent();\n                    getEmailTextField.sendKeys(valid_email);\n                    getPasswordTextField.sendKeys(valid_password);\n                    return [4 /*yield*/, driver.findElement(selenium_webdriver_1.By.id('login'))];\n                case 5:\n                    getLoginButton = _a.sent();\n                    return [4 /*yield*/, getLoginButton.click()];\n                case 6:\n                    _a.sent();\n                    return [4 /*yield*/, driver.wait(selenium_webdriver_1.until.urlIs(\n                        // 'https://angular-e2e.herokuapp.com/agent/6034725465997a1c3d927c9e',\n                        'http://localhost:4200/agent/6034725465997a1c3d927c9e'), 15000)];\n                case 7:\n                    _a.sent();\n                    return [4 /*yield*/, driver.getCurrentUrl()];\n                case 8:\n                    currentUrl = _a.sent();\n                    assert.equal(\n                    // 'https://angular-e2e.herokuapp.com/agent/6034725465997a1c3d927c9e',\n                    'http://localhost:4200/agent/6034725465997a1c3d927c9e', currentUrl, 'Valid credentials keyed in and redirect');\n                    return [2 /*return*/];\n            }\n        });\n    });",
              "err": {},
              "uuid": "8e1947a6-9826-47a4-9734-7a280eaee71f",
              "parentUUID": "24cc1fdb-d14f-45d3-a08e-c8d6b026387a",
              "isHook": false,
              "skipped": false
            },
            {
              "title": "go to register new customer tab",
              "fullTitle": "Suite go to register new customer tab",
              "timedOut": false,
              "duration": 157,
              "state": "passed",
              "speed": "slow",
              "pass": true,
              "fail": false,
              "pending": false,
              "context": null,
              "code": "return __awaiter(void 0, void 0, void 0, function () {\n        var getRegisterButton, currentUrl;\n        return __generator(this, function (_a) {\n            switch (_a.label) {\n                case 0: return [4 /*yield*/, driver.findElement(selenium_webdriver_1.By.xpath(\"//button[normalize-space()='Register New Customer']\"))];\n                case 1:\n                    getRegisterButton = _a.sent();\n                    return [4 /*yield*/, getRegisterButton.click()];\n                case 2:\n                    _a.sent();\n                    return [4 /*yield*/, driver.wait(selenium_webdriver_1.until.urlIs(\n                        // 'https://angular-e2e.herokuapp.com/agent/6034725465997a1c3d927c9e/register',\n                        'http://localhost:4200/register/6034725465997a1c3d927c9e'), 10000)];\n                case 3:\n                    _a.sent();\n                    return [4 /*yield*/, driver.getCurrentUrl()];\n                case 4:\n                    currentUrl = _a.sent();\n                    assert.equal(currentUrl, \n                    // 'https://angular-e2e.herokuapp.com/register/6034725465997a1c3d927c9e',\n                    'http://localhost:4200/register/6034725465997a1c3d927c9e', 'Successfuly navigate to register new customer page');\n                    return [2 /*return*/];\n            }\n        });\n    });",
              "err": {},
              "uuid": "e13e7280-acf2-45ba-8726-31b61fadcfaa",
              "parentUUID": "24cc1fdb-d14f-45d3-a08e-c8d6b026387a",
              "isHook": false,
              "skipped": false
            },
            {
              "title": "register new customer without insurance",
              "fullTitle": "Suite register new customer without insurance",
              "timedOut": false,
              "duration": 156,
              "state": "passed",
              "speed": "slow",
              "pass": true,
              "fail": false,
              "pending": false,
              "context": null,
              "code": "return __awaiter(void 0, void 0, void 0, function () {\n        var newCustomer, getNameTextField, getDateTextField, getRegisterButton, getAlertMsg;\n        return __generator(this, function (_a) {\n            switch (_a.label) {\n                case 0:\n                    newCustomer = {\n                        name: 'New Customer',\n                        dateActivated: '18/02/2021',\n                    };\n                    return [4 /*yield*/, driver.wait(selenium_webdriver_1.until.elementLocated(selenium_webdriver_1.By.id('customer-name')), 10000)];\n                case 1:\n                    _a.sent();\n                    return [4 /*yield*/, driver.findElement(selenium_webdriver_1.By.css('#customer-name'))];\n                case 2:\n                    getNameTextField = _a.sent();\n                    return [4 /*yield*/, driver.findElement(selenium_webdriver_1.By.css('#date-activated'))];\n                case 3:\n                    getDateTextField = _a.sent();\n                    getNameTextField.sendKeys(newCustomer.name);\n                    // getInsuranceNameTextField.sendKeys(newCustomer.insuranceName);\n                    // getAgentNameTextField.sendKeys(newCustomer.agentName);\n                    getDateTextField.sendKeys(newCustomer.dateActivated);\n                    return [4 /*yield*/, driver.findElement(selenium_webdriver_1.By.css(\"button[type='submit']\"))];\n                case 4:\n                    getRegisterButton = _a.sent();\n                    return [4 /*yield*/, getRegisterButton.click()];\n                case 5:\n                    _a.sent();\n                    return [4 /*yield*/, driver\n                            .findElement(selenium_webdriver_1.By.className('alert'))\n                            .getText()];\n                case 6:\n                    getAlertMsg = _a.sent();\n                    assert.equal(getAlertMsg, 'Please fill all fields.', 'Got blank field(s) in the form');\n                    return [2 /*return*/];\n            }\n        });\n    });",
              "err": {},
              "uuid": "28f4b018-e902-462c-b441-ab4c6016a9cc",
              "parentUUID": "24cc1fdb-d14f-45d3-a08e-c8d6b026387a",
              "isHook": false,
              "skipped": false
            },
            {
              "title": "register new customer with all valid information",
              "fullTitle": "Suite register new customer with all valid information",
              "timedOut": false,
              "duration": 998,
              "state": "passed",
              "speed": "slow",
              "pass": true,
              "fail": false,
              "pending": false,
              "context": null,
              "code": "return __awaiter(void 0, void 0, void 0, function () {\n        var getInsuranceNameTextField, getRegisterButton, currentUrl;\n        return __generator(this, function (_a) {\n            switch (_a.label) {\n                case 0: return [4 /*yield*/, driver.findElement(selenium_webdriver_1.By.css('#insurance-name'))];\n                case 1:\n                    getInsuranceNameTextField = _a.sent();\n                    getInsuranceNameTextField.sendKeys('new insurance');\n                    return [4 /*yield*/, driver.findElement(selenium_webdriver_1.By.css(\"button[type='submit']\"))];\n                case 2:\n                    getRegisterButton = _a.sent();\n                    return [4 /*yield*/, getRegisterButton.click()];\n                case 3:\n                    _a.sent();\n                    return [4 /*yield*/, driver.wait(selenium_webdriver_1.until.urlIs(\n                        // 'https://angular-e2e.herokuapp.com/agent/6034725465997a1c3d927c9e',\n                        'http://localhost:4200/agent/6034725465997a1c3d927c9e'), 15000)];\n                case 4:\n                    _a.sent();\n                    return [4 /*yield*/, driver.getCurrentUrl()];\n                case 5:\n                    currentUrl = _a.sent();\n                    assert.equal(\n                    // 'https://angular-e2e.herokuapp.com/agent/6034725465997a1c3d927c9e',\n                    'http://localhost:4200/agent/6034725465997a1c3d927c9e', currentUrl, 'Valid credentials keyed in and redirect');\n                    return [2 /*return*/];\n            }\n        });\n    });",
              "err": {},
              "uuid": "6640706c-bbe7-4a77-b568-132401127998",
              "parentUUID": "24cc1fdb-d14f-45d3-a08e-c8d6b026387a",
              "isHook": false,
              "skipped": false
            },
            {
              "title": "Logout",
              "fullTitle": "Suite Logout",
              "timedOut": false,
              "duration": 80,
              "state": "passed",
              "speed": "slow",
              "pass": true,
              "fail": false,
              "pending": false,
              "context": null,
              "code": "return __awaiter(void 0, void 0, void 0, function () {\n        var getLogoutButton, getLoginButton, _a, _b, _c;\n        return __generator(this, function (_d) {\n            switch (_d.label) {\n                case 0: return [4 /*yield*/, driver.findElement(selenium_webdriver_1.By.xpath('/html[1]/body[1]/app-root[1]/nav[1]/ul[2]/li[1]/a[1]'))];\n                case 1:\n                    getLogoutButton = _d.sent();\n                    return [4 /*yield*/, getLogoutButton.click()];\n                case 2:\n                    _d.sent();\n                    return [4 /*yield*/, driver.findElement(selenium_webdriver_1.By.id('login'))];\n                case 3:\n                    getLoginButton = _d.sent();\n                    return [4 /*yield*/, driver.wait(selenium_webdriver_1.until.elementLocated(selenium_webdriver_1.By.id('login')), 10000)];\n                case 4:\n                    _d.sent();\n                    _b = (_a = assert).equal;\n                    _c = [true];\n                    return [4 /*yield*/, getLoginButton.isDisplayed()];\n                case 5:\n                    _b.apply(_a, _c.concat([_d.sent(), 'Logout Successfully']));\n                    return [2 /*return*/];\n            }\n        });\n    });",
              "err": {},
              "uuid": "c8ae137d-239f-4cff-bb32-502da97a1242",
              "parentUUID": "24cc1fdb-d14f-45d3-a08e-c8d6b026387a",
              "isHook": false,
              "skipped": false
            }
          ],
          "suites": [],
          "passes": [
            "b13ede55-b2b8-46d8-8699-5b23cc1ced83",
            "4cfc7c86-d733-4e53-afd7-c53d69f53b93",
            "8e1947a6-9826-47a4-9734-7a280eaee71f",
            "e13e7280-acf2-45ba-8726-31b61fadcfaa",
            "28f4b018-e902-462c-b441-ab4c6016a9cc",
            "6640706c-bbe7-4a77-b568-132401127998",
            "c8ae137d-239f-4cff-bb32-502da97a1242"
          ],
          "failures": [],
          "pending": [],
          "skipped": [],
          "duration": 8387,
          "root": false,
          "rootEmpty": false,
          "_timeout": 90000
        }
      ],
      "passes": [],
      "failures": [],
      "pending": [],
      "skipped": [],
      "duration": 0,
      "root": true,
      "rootEmpty": true,
      "_timeout": 90000
    }
  ],
  "meta": {
    "mocha": {
      "version": "8.2.1"
    },
    "mochawesome": {
      "options": {
        "quiet": false,
        "reportFilename": "mochawesome",
        "saveHtml": true,
        "saveJson": true,
        "consoleReporter": "spec",
        "useInlineDiffs": false,
        "code": true
      },
      "version": "6.2.1"
    },
    "marge": {
      "options": {
        "reportDir": "ReportDirectory",
        "": true
      },
      "version": "5.1.0"
    }
  }
}