{
  "stats": {
    "suites": 1,
    "tests": 7,
    "passes": 7,
    "pending": 0,
    "failures": 0,
    "start": "2021-02-21T11:14:14.492Z",
    "end": "2021-02-21T11:14:30.995Z",
    "duration": 16503,
    "testsRegistered": 7,
    "passPercent": 100,
    "pendingPercent": 0,
    "other": 0,
    "hasOther": false,
    "skipped": 0,
    "hasSkipped": false
  },
  "results": [
    {
      "uuid": "72d41ae7-b0d1-4762-bfd7-c4373f51ed22",
      "title": "",
      "fullFile": "",
      "file": "",
      "beforeHooks": [],
      "afterHooks": [],
      "tests": [],
      "suites": [
        {
          "uuid": "0a920c1a-440a-4e98-9060-1689bca0b4a7",
          "title": "Suite",
          "fullFile": "/Users/siewlapang/Desktop/test-selenium/src/test/test.ts",
          "file": "/src/test/test.ts",
          "beforeHooks": [
            {
              "title": "\"before all\" hook: Before in \"Suite\"",
              "fullTitle": "Suite \"before all\" hook: Before in \"Suite\"",
              "timedOut": false,
              "duration": 4,
              "state": null,
              "speed": null,
              "pass": false,
              "fail": false,
              "pending": false,
              "context": null,
              "code": "return __awaiter(void 0, void 0, void 0, function () {\n        return __generator(this, function (_a) {\n            driver = new selenium_webdriver_1.Builder().forBrowser('chrome').build();\n            return [2 /*return*/];\n        });\n    });",
              "err": {},
              "uuid": "7781927a-f663-4182-acf2-1638e49f0af1",
              "parentUUID": "0a920c1a-440a-4e98-9060-1689bca0b4a7",
              "isHook": true,
              "skipped": false
            }
          ],
          "afterHooks": [],
          "tests": [
            {
              "title": "Open website and verify it is opened and redirect to login",
              "fullTitle": "Suite Open website and verify it is opened and redirect to login",
              "timedOut": false,
              "duration": 11403,
              "state": "passed",
              "speed": "slow",
              "pass": true,
              "fail": false,
              "pending": false,
              "context": null,
              "code": "return __awaiter(void 0, void 0, void 0, function () {\n        var currentUrl;\n        return __generator(this, function (_a) {\n            switch (_a.label) {\n                case 0: return [4 /*yield*/, driver.get('https://angular-e2e.herokuapp.com/login')];\n                case 1:\n                    _a.sent();\n                    return [4 /*yield*/, driver.getCurrentUrl()];\n                case 2:\n                    currentUrl = _a.sent();\n                    assert.equal('https://angular-e2e.herokuapp.com/login', \n                    // 'http://localhost:4200/login',\n                    currentUrl, 'The website is not opened and redirect');\n                    return [2 /*return*/];\n            }\n        });\n    });",
              "err": {},
              "uuid": "564d719d-63db-443d-94d4-8cbd2956bbde",
              "parentUUID": "0a920c1a-440a-4e98-9060-1689bca0b4a7",
              "isHook": false,
              "skipped": false
            },
            {
              "title": "key in invalid email and password",
              "fullTitle": "Suite key in invalid email and password",
              "timedOut": false,
              "duration": 2405,
              "state": "passed",
              "speed": "slow",
              "pass": true,
              "fail": false,
              "pending": false,
              "context": null,
              "code": "return __awaiter(void 0, void 0, void 0, function () {\n        var valid_email, valid_password, getEmailTextField, getPasswordTextField, getLoginButton, getAlertMsg;\n        return __generator(this, function (_a) {\n            switch (_a.label) {\n                case 0:\n                    valid_email = 'wrong';\n                    valid_password = 'wrong';\n                    return [4 /*yield*/, driver.findElement(selenium_webdriver_1.By.css('input[formControlName=email]'))];\n                case 1:\n                    getEmailTextField = _a.sent();\n                    return [4 /*yield*/, driver.findElement(selenium_webdriver_1.By.css('input[formControlName=password]'))];\n                case 2:\n                    getPasswordTextField = _a.sent();\n                    getEmailTextField.sendKeys(valid_email);\n                    getPasswordTextField.sendKeys(valid_password);\n                    return [4 /*yield*/, driver.findElement(selenium_webdriver_1.By.id('login'))];\n                case 3:\n                    getLoginButton = _a.sent();\n                    return [4 /*yield*/, getLoginButton.click()];\n                case 4:\n                    _a.sent();\n                    return [4 /*yield*/, driver.wait(selenium_webdriver_1.until.elementLocated(selenium_webdriver_1.By.className('alert')), 10000)];\n                case 5:\n                    _a.sent();\n                    return [4 /*yield*/, driver\n                            .findElement(selenium_webdriver_1.By.className('alert'))\n                            .getText()];\n                case 6:\n                    getAlertMsg = _a.sent();\n                    assert.equal(getAlertMsg, 'Invalid email or password.', 'Wrong credentials keyed in');\n                    return [2 /*return*/];\n            }\n        });\n    });",
              "err": {},
              "uuid": "7258b605-4384-42d5-8cbd-f7516e2d95b8",
              "parentUUID": "0a920c1a-440a-4e98-9060-1689bca0b4a7",
              "isHook": false,
              "skipped": false
            },
            {
              "title": "key in valid email and password",
              "fullTitle": "Suite key in valid email and password",
              "timedOut": false,
              "duration": 868,
              "state": "passed",
              "speed": "slow",
              "pass": true,
              "fail": false,
              "pending": false,
              "context": null,
              "code": "return __awaiter(void 0, void 0, void 0, function () {\n        var valid_email, valid_password, getEmailTextField, getPasswordTextField, getLoginButton, currentUrl;\n        return __generator(this, function (_a) {\n            switch (_a.label) {\n                case 0:\n                    valid_email = 'admin@mail.com';\n                    valid_password = '123';\n                    return [4 /*yield*/, driver.findElement(selenium_webdriver_1.By.css('input[formControlName=email]'))];\n                case 1:\n                    getEmailTextField = _a.sent();\n                    return [4 /*yield*/, driver.findElement(selenium_webdriver_1.By.css('input[formControlName=password]'))];\n                case 2:\n                    getPasswordTextField = _a.sent();\n                    return [4 /*yield*/, getEmailTextField.clear()];\n                case 3:\n                    _a.sent();\n                    return [4 /*yield*/, getPasswordTextField.clear()];\n                case 4:\n                    _a.sent();\n                    getEmailTextField.sendKeys(valid_email);\n                    getPasswordTextField.sendKeys(valid_password);\n                    return [4 /*yield*/, driver.findElement(selenium_webdriver_1.By.id('login'))];\n                case 5:\n                    getLoginButton = _a.sent();\n                    return [4 /*yield*/, getLoginButton.click()];\n                case 6:\n                    _a.sent();\n                    return [4 /*yield*/, driver.wait(selenium_webdriver_1.until.urlIs('https://angular-e2e.herokuapp.com/'))];\n                case 7:\n                    _a.sent();\n                    return [4 /*yield*/, driver.getCurrentUrl()];\n                case 8:\n                    currentUrl = _a.sent();\n                    assert.equal('https://angular-e2e.herokuapp.com/', \n                    // 'http://localhost:4200/',\n                    currentUrl, 'Valid credentials keyed in and redirect');\n                    return [2 /*return*/];\n            }\n        });\n    });",
              "err": {},
              "uuid": "3c1460ac-e3cc-4678-bbd0-8667b0669251",
              "parentUUID": "0a920c1a-440a-4e98-9060-1689bca0b4a7",
              "isHook": false,
              "skipped": false
            },
            {
              "title": "go to register new customer tab",
              "fullTitle": "Suite go to register new customer tab",
              "timedOut": false,
              "duration": 209,
              "state": "passed",
              "speed": "slow",
              "pass": true,
              "fail": false,
              "pending": false,
              "context": null,
              "code": "return __awaiter(void 0, void 0, void 0, function () {\n        var getRegisterLink, currentUrl;\n        return __generator(this, function (_a) {\n            switch (_a.label) {\n                case 0: return [4 /*yield*/, driver.findElement(selenium_webdriver_1.By.xpath(\"//a[normalize-space()='Register New Customer']\"))];\n                case 1:\n                    getRegisterLink = _a.sent();\n                    return [4 /*yield*/, getRegisterLink.click()];\n                case 2:\n                    _a.sent();\n                    return [4 /*yield*/, driver.getCurrentUrl()];\n                case 3:\n                    currentUrl = _a.sent();\n                    assert.equal('https://angular-e2e.herokuapp.com/register', \n                    // 'http://localhost:4200/register',\n                    currentUrl, 'Successfuly navigate to register new customer page');\n                    return [2 /*return*/];\n            }\n        });\n    });",
              "err": {},
              "uuid": "e552d51a-1493-481f-8dc1-ee2c0c0d3773",
              "parentUUID": "0a920c1a-440a-4e98-9060-1689bca0b4a7",
              "isHook": false,
              "skipped": false
            },
            {
              "title": "register new customer without agent",
              "fullTitle": "Suite register new customer without agent",
              "timedOut": false,
              "duration": 356,
              "state": "passed",
              "speed": "slow",
              "pass": true,
              "fail": false,
              "pending": false,
              "context": null,
              "code": "return __awaiter(void 0, void 0, void 0, function () {\n        var newCustomer, getNameTextField, getInsuranceNameTextField, getDateTextField, getRegisterButton, getAlertMsg;\n        return __generator(this, function (_a) {\n            switch (_a.label) {\n                case 0:\n                    newCustomer = {\n                        name: 'New Customer',\n                        insuranceName: 'New Insurance',\n                        // agentName: 'New Agent',\n                        dateActivated: '18/02/2021',\n                    };\n                    return [4 /*yield*/, driver.findElement(selenium_webdriver_1.By.css('#name'))];\n                case 1:\n                    getNameTextField = _a.sent();\n                    return [4 /*yield*/, driver.findElement(selenium_webdriver_1.By.css('#insurance-name'))];\n                case 2:\n                    getInsuranceNameTextField = _a.sent();\n                    return [4 /*yield*/, driver.findElement(selenium_webdriver_1.By.css('#date-activated'))];\n                case 3:\n                    getDateTextField = _a.sent();\n                    getNameTextField.sendKeys(newCustomer.name);\n                    getInsuranceNameTextField.sendKeys(newCustomer.insuranceName);\n                    // getAgentNameTextField.sendKeys(newCustomer.agentName);\n                    getDateTextField.sendKeys(newCustomer.dateActivated);\n                    return [4 /*yield*/, driver.findElement(selenium_webdriver_1.By.css(\"button[type='submit']\"))];\n                case 4:\n                    getRegisterButton = _a.sent();\n                    return [4 /*yield*/, getRegisterButton.click()];\n                case 5:\n                    _a.sent();\n                    return [4 /*yield*/, driver\n                            .findElement(selenium_webdriver_1.By.className('alert'))\n                            .getText()];\n                case 6:\n                    getAlertMsg = _a.sent();\n                    assert.equal(getAlertMsg, 'Please fill all fields.', 'Got blank field(s) in the form');\n                    return [2 /*return*/];\n            }\n        });\n    });",
              "err": {},
              "uuid": "6d11a1fa-3cd6-44e0-8bd4-99fb09367bb7",
              "parentUUID": "0a920c1a-440a-4e98-9060-1689bca0b4a7",
              "isHook": false,
              "skipped": false
            },
            {
              "title": "register new customer with all valid information",
              "fullTitle": "Suite register new customer with all valid information",
              "timedOut": false,
              "duration": 1150,
              "state": "passed",
              "speed": "slow",
              "pass": true,
              "fail": false,
              "pending": false,
              "context": null,
              "code": "return __awaiter(void 0, void 0, void 0, function () {\n        var getAgentNameTextField, getRegisterButton, currentUrl;\n        return __generator(this, function (_a) {\n            switch (_a.label) {\n                case 0: return [4 /*yield*/, driver.findElement(selenium_webdriver_1.By.css('#agent-name'))];\n                case 1:\n                    getAgentNameTextField = _a.sent();\n                    getAgentNameTextField.sendKeys('new agent');\n                    return [4 /*yield*/, driver.findElement(selenium_webdriver_1.By.css(\"button[type='submit']\"))];\n                case 2:\n                    getRegisterButton = _a.sent();\n                    return [4 /*yield*/, getRegisterButton.click()];\n                case 3:\n                    _a.sent();\n                    return [4 /*yield*/, driver.wait(selenium_webdriver_1.until.urlIs('https://angular-e2e.herokuapp.com/'))];\n                case 4:\n                    _a.sent();\n                    return [4 /*yield*/, driver.getCurrentUrl()];\n                case 5:\n                    currentUrl = _a.sent();\n                    assert.equal('https://angular-e2e.herokuapp.com/', \n                    // 'http://localhost:4200/',\n                    currentUrl, 'Valid credentials keyed in and redirect');\n                    return [2 /*return*/];\n            }\n        });\n    });",
              "err": {},
              "uuid": "9705a921-bb9e-4750-a299-abc0ecea629b",
              "parentUUID": "0a920c1a-440a-4e98-9060-1689bca0b4a7",
              "isHook": false,
              "skipped": false
            },
            {
              "title": "Logout",
              "fullTitle": "Suite Logout",
              "timedOut": false,
              "duration": 69,
              "state": "passed",
              "speed": "medium",
              "pass": true,
              "fail": false,
              "pending": false,
              "context": null,
              "code": "return __awaiter(void 0, void 0, void 0, function () {\n        var getLogoutButton, getLoginButton, _a, _b, _c;\n        return __generator(this, function (_d) {\n            switch (_d.label) {\n                case 0: return [4 /*yield*/, driver.findElement(selenium_webdriver_1.By.xpath('/html[1]/body[1]/app-root[1]/nav[1]/ul[2]/li[1]/a[1]'))];\n                case 1:\n                    getLogoutButton = _d.sent();\n                    return [4 /*yield*/, getLogoutButton.click()];\n                case 2:\n                    _d.sent();\n                    return [4 /*yield*/, driver.findElement(selenium_webdriver_1.By.id('login'))];\n                case 3:\n                    getLoginButton = _d.sent();\n                    return [4 /*yield*/, driver.wait(selenium_webdriver_1.until.elementLocated(selenium_webdriver_1.By.id('login')), 10000)];\n                case 4:\n                    _d.sent();\n                    _b = (_a = assert).equal;\n                    _c = [true];\n                    return [4 /*yield*/, getLoginButton.isDisplayed()];\n                case 5:\n                    _b.apply(_a, _c.concat([_d.sent(), 'Logout Successfully']));\n                    return [2 /*return*/];\n            }\n        });\n    });",
              "err": {},
              "uuid": "dcc9d3d9-cf7d-43ff-8d4b-1c8d07c3c604",
              "parentUUID": "0a920c1a-440a-4e98-9060-1689bca0b4a7",
              "isHook": false,
              "skipped": false
            }
          ],
          "suites": [],
          "passes": [
            "564d719d-63db-443d-94d4-8cbd2956bbde",
            "7258b605-4384-42d5-8cbd-f7516e2d95b8",
            "3c1460ac-e3cc-4678-bbd0-8667b0669251",
            "e552d51a-1493-481f-8dc1-ee2c0c0d3773",
            "6d11a1fa-3cd6-44e0-8bd4-99fb09367bb7",
            "9705a921-bb9e-4750-a299-abc0ecea629b",
            "dcc9d3d9-cf7d-43ff-8d4b-1c8d07c3c604"
          ],
          "failures": [],
          "pending": [],
          "skipped": [],
          "duration": 16460,
          "root": false,
          "rootEmpty": false,
          "_timeout": 90000
        }
      ],
      "passes": [],
      "failures": [],
      "pending": [],
      "skipped": [],
      "duration": 0,
      "root": true,
      "rootEmpty": true,
      "_timeout": 90000
    }
  ],
  "meta": {
    "mocha": {
      "version": "8.2.1"
    },
    "mochawesome": {
      "options": {
        "quiet": false,
        "reportFilename": "mochawesome",
        "saveHtml": true,
        "saveJson": true,
        "consoleReporter": "spec",
        "useInlineDiffs": false,
        "code": true
      },
      "version": "6.2.1"
    },
    "marge": {
      "options": {
        "reportDir": "ReportDirectory",
        "": true
      },
      "version": "5.1.0"
    }
  }
}