{
  "stats": {
    "suites": 1,
    "tests": 6,
    "passes": 6,
    "pending": 0,
    "failures": 0,
    "start": "2021-02-20T08:57:04.586Z",
    "end": "2021-02-20T08:57:14.791Z",
    "duration": 10205,
    "testsRegistered": 6,
    "passPercent": 100,
    "pendingPercent": 0,
    "other": 0,
    "hasOther": false,
    "skipped": 0,
    "hasSkipped": false
  },
  "results": [
    {
      "uuid": "c84e13d4-7f3d-43a3-8337-eb225dbbbb6e",
      "title": "",
      "fullFile": "",
      "file": "",
      "beforeHooks": [],
      "afterHooks": [],
      "tests": [],
      "suites": [
        {
          "uuid": "715d14ce-7efb-4599-8d75-3f056f80f674",
          "title": "Suite",
          "fullFile": "/Users/siewlapang/Desktop/test-selenium/src/test/test.ts",
          "file": "/src/test/test.ts",
          "beforeHooks": [
            {
              "title": "\"before all\" hook: Before in \"Suite\"",
              "fullTitle": "Suite \"before all\" hook: Before in \"Suite\"",
              "timedOut": false,
              "duration": 4,
              "state": null,
              "speed": null,
              "pass": false,
              "fail": false,
              "pending": false,
              "context": null,
              "code": "return __awaiter(void 0, void 0, void 0, function () {\n        return __generator(this, function (_a) {\n            driver = new selenium_webdriver_1.Builder().forBrowser('chrome').build();\n            return [2 /*return*/];\n        });\n    });",
              "err": {},
              "uuid": "51618b5a-701d-4291-8fc0-c4901ae142e3",
              "parentUUID": "715d14ce-7efb-4599-8d75-3f056f80f674",
              "isHook": true,
              "skipped": false
            }
          ],
          "afterHooks": [
            {
              "title": "\"after all\" hook: After in \"Suite\"",
              "fullTitle": "Suite \"after all\" hook: After in \"Suite\"",
              "timedOut": false,
              "duration": 53,
              "state": null,
              "speed": null,
              "pass": false,
              "fail": false,
              "pending": false,
              "context": null,
              "code": "return __awaiter(void 0, void 0, void 0, function () {\n        return __generator(this, function (_a) {\n            switch (_a.label) {\n                case 0: return [4 /*yield*/, driver.quit()];\n                case 1:\n                    _a.sent();\n                    return [2 /*return*/];\n            }\n        });\n    });",
              "err": {},
              "uuid": "4de1a433-22d5-4d9f-a39c-0dfe5504e1eb",
              "parentUUID": "715d14ce-7efb-4599-8d75-3f056f80f674",
              "isHook": true,
              "skipped": false
            }
          ],
          "tests": [
            {
              "title": "Open website and verify it is opened and redirect to login",
              "fullTitle": "Suite Open website and verify it is opened and redirect to login",
              "timedOut": false,
              "duration": 5423,
              "state": "passed",
              "speed": "slow",
              "pass": true,
              "fail": false,
              "pending": false,
              "context": null,
              "code": "return __awaiter(void 0, void 0, void 0, function () {\n        var currentUrl;\n        return __generator(this, function (_a) {\n            switch (_a.label) {\n                case 0: return [4 /*yield*/, driver.get('https://angular-e2e.herokuapp.com/login')];\n                case 1:\n                    _a.sent();\n                    return [4 /*yield*/, driver.getCurrentUrl()];\n                case 2:\n                    currentUrl = _a.sent();\n                    assert.equal('https://angular-e2e.herokuapp.com/login', \n                    // 'http://localhost:4200/login',\n                    currentUrl, 'The website is not opened and redirect');\n                    return [2 /*return*/];\n            }\n        });\n    });",
              "err": {},
              "uuid": "1247b202-1daf-476f-be25-c8f2de912105",
              "parentUUID": "715d14ce-7efb-4599-8d75-3f056f80f674",
              "isHook": false,
              "skipped": false
            },
            {
              "title": "key in invalid email and password",
              "fullTitle": "Suite key in invalid email and password",
              "timedOut": false,
              "duration": 2186,
              "state": "passed",
              "speed": "slow",
              "pass": true,
              "fail": false,
              "pending": false,
              "context": null,
              "code": "return __awaiter(void 0, void 0, void 0, function () {\n        var valid_email, valid_password, getEmailTextField, getPasswordTextField, getLoginButton, getAlertMsg;\n        return __generator(this, function (_a) {\n            switch (_a.label) {\n                case 0:\n                    valid_email = 'wrong';\n                    valid_password = 'wrong';\n                    return [4 /*yield*/, driver.findElement(selenium_webdriver_1.By.css('input[formControlName=email]'))];\n                case 1:\n                    getEmailTextField = _a.sent();\n                    return [4 /*yield*/, driver.findElement(selenium_webdriver_1.By.css('input[formControlName=password]'))];\n                case 2:\n                    getPasswordTextField = _a.sent();\n                    getEmailTextField.sendKeys(valid_email);\n                    getPasswordTextField.sendKeys(valid_password);\n                    return [4 /*yield*/, driver.findElement(selenium_webdriver_1.By.id('login'))];\n                case 3:\n                    getLoginButton = _a.sent();\n                    return [4 /*yield*/, getLoginButton.click()];\n                case 4:\n                    _a.sent();\n                    return [4 /*yield*/, driver.wait(selenium_webdriver_1.until.elementLocated(selenium_webdriver_1.By.className('alert')), 10000)];\n                case 5:\n                    _a.sent();\n                    return [4 /*yield*/, driver\n                            .findElement(selenium_webdriver_1.By.className('alert'))\n                            .getText()];\n                case 6:\n                    getAlertMsg = _a.sent();\n                    assert.equal(getAlertMsg, 'Invalid email or password.', 'Wrong credentials keyed in');\n                    return [2 /*return*/];\n            }\n        });\n    });",
              "err": {},
              "uuid": "022713eb-3e06-4e75-aa33-9ca3250eee2f",
              "parentUUID": "715d14ce-7efb-4599-8d75-3f056f80f674",
              "isHook": false,
              "skipped": false
            },
            {
              "title": "key in valid email and password",
              "fullTitle": "Suite key in valid email and password",
              "timedOut": false,
              "duration": 991,
              "state": "passed",
              "speed": "slow",
              "pass": true,
              "fail": false,
              "pending": false,
              "context": null,
              "code": "return __awaiter(void 0, void 0, void 0, function () {\n        var valid_email, valid_password, getEmailTextField, getPasswordTextField, getLoginButton, currentUrl;\n        return __generator(this, function (_a) {\n            switch (_a.label) {\n                case 0:\n                    valid_email = 'admin@mail.com';\n                    valid_password = '123';\n                    return [4 /*yield*/, driver.findElement(selenium_webdriver_1.By.css('input[formControlName=email]'))];\n                case 1:\n                    getEmailTextField = _a.sent();\n                    return [4 /*yield*/, driver.findElement(selenium_webdriver_1.By.css('input[formControlName=password]'))];\n                case 2:\n                    getPasswordTextField = _a.sent();\n                    return [4 /*yield*/, getEmailTextField.clear()];\n                case 3:\n                    _a.sent();\n                    return [4 /*yield*/, getPasswordTextField.clear()];\n                case 4:\n                    _a.sent();\n                    getEmailTextField.sendKeys(valid_email);\n                    getPasswordTextField.sendKeys(valid_password);\n                    return [4 /*yield*/, driver.findElement(selenium_webdriver_1.By.id('login'))];\n                case 5:\n                    getLoginButton = _a.sent();\n                    return [4 /*yield*/, getLoginButton.click()];\n                case 6:\n                    _a.sent();\n                    return [4 /*yield*/, driver.wait(selenium_webdriver_1.until.urlIs('https://angular-e2e.herokuapp.com/'))];\n                case 7:\n                    _a.sent();\n                    return [4 /*yield*/, driver.getCurrentUrl()];\n                case 8:\n                    currentUrl = _a.sent();\n                    assert.equal('https://angular-e2e.herokuapp.com/', \n                    // 'http://localhost:4200/',\n                    currentUrl, 'Valid credentials keyed in and redirect');\n                    return [2 /*return*/];\n            }\n        });\n    });",
              "err": {},
              "uuid": "f04d9ec8-510a-400e-9e2f-f7d760fa86f5",
              "parentUUID": "715d14ce-7efb-4599-8d75-3f056f80f674",
              "isHook": false,
              "skipped": false
            },
            {
              "title": "go to register new customer tab",
              "fullTitle": "Suite go to register new customer tab",
              "timedOut": false,
              "duration": 169,
              "state": "passed",
              "speed": "slow",
              "pass": true,
              "fail": false,
              "pending": false,
              "context": null,
              "code": "return __awaiter(void 0, void 0, void 0, function () {\n        var getRegisterLink, currentUrl;\n        return __generator(this, function (_a) {\n            switch (_a.label) {\n                case 0: return [4 /*yield*/, driver.findElement(selenium_webdriver_1.By.xpath(\"//a[normalize-space()='Register New Customer']\"))];\n                case 1:\n                    getRegisterLink = _a.sent();\n                    return [4 /*yield*/, getRegisterLink.click()];\n                case 2:\n                    _a.sent();\n                    return [4 /*yield*/, driver.getCurrentUrl()];\n                case 3:\n                    currentUrl = _a.sent();\n                    assert.equal('https://angular-e2e.herokuapp.com/register', \n                    // 'http://localhost:4200/register',\n                    currentUrl, 'Successfuly navigate to register new customer page');\n                    return [2 /*return*/];\n            }\n        });\n    });",
              "err": {},
              "uuid": "7d682ce2-d0ff-4d20-93b3-301a141c3cec",
              "parentUUID": "715d14ce-7efb-4599-8d75-3f056f80f674",
              "isHook": false,
              "skipped": false
            },
            {
              "title": "register new customer without agent",
              "fullTitle": "Suite register new customer without agent",
              "timedOut": false,
              "duration": 383,
              "state": "passed",
              "speed": "slow",
              "pass": true,
              "fail": false,
              "pending": false,
              "context": null,
              "code": "return __awaiter(void 0, void 0, void 0, function () {\n        var newCustomer, getNameTextField, getInsuranceNameTextField, getDateTextField, getRegisterButton, getAlertMsg;\n        return __generator(this, function (_a) {\n            switch (_a.label) {\n                case 0:\n                    newCustomer = {\n                        name: 'New Customer',\n                        insuranceName: 'New Insurance',\n                        // agentName: 'New Agent',\n                        dateActivated: '18/02/2021',\n                    };\n                    return [4 /*yield*/, driver.findElement(selenium_webdriver_1.By.css('#name'))];\n                case 1:\n                    getNameTextField = _a.sent();\n                    return [4 /*yield*/, driver.findElement(selenium_webdriver_1.By.css('#insurance-name'))];\n                case 2:\n                    getInsuranceNameTextField = _a.sent();\n                    return [4 /*yield*/, driver.findElement(selenium_webdriver_1.By.css('#date-activated'))];\n                case 3:\n                    getDateTextField = _a.sent();\n                    getNameTextField.sendKeys(newCustomer.name);\n                    getInsuranceNameTextField.sendKeys(newCustomer.insuranceName);\n                    // getAgentNameTextField.sendKeys(newCustomer.agentName);\n                    getDateTextField.sendKeys(newCustomer.dateActivated);\n                    return [4 /*yield*/, driver.findElement(selenium_webdriver_1.By.css(\"button[type='submit']\"))];\n                case 4:\n                    getRegisterButton = _a.sent();\n                    return [4 /*yield*/, getRegisterButton.click()];\n                case 5:\n                    _a.sent();\n                    return [4 /*yield*/, driver\n                            .findElement(selenium_webdriver_1.By.className('alert'))\n                            .getText()];\n                case 6:\n                    getAlertMsg = _a.sent();\n                    assert.equal(getAlertMsg, 'Please fill all fields.', 'Got blank field(s) in the form');\n                    return [2 /*return*/];\n            }\n        });\n    });",
              "err": {},
              "uuid": "2a80e763-2748-4a49-a097-38c3e57fd7e1",
              "parentUUID": "715d14ce-7efb-4599-8d75-3f056f80f674",
              "isHook": false,
              "skipped": false
            },
            {
              "title": "register new customer with all valid information",
              "fullTitle": "Suite register new customer with all valid information",
              "timedOut": false,
              "duration": 928,
              "state": "passed",
              "speed": "slow",
              "pass": true,
              "fail": false,
              "pending": false,
              "context": null,
              "code": "return __awaiter(void 0, void 0, void 0, function () {\n        var getAgentNameTextField, getRegisterButton, currentUrl;\n        return __generator(this, function (_a) {\n            switch (_a.label) {\n                case 0: return [4 /*yield*/, driver.findElement(selenium_webdriver_1.By.css('#agent-name'))];\n                case 1:\n                    getAgentNameTextField = _a.sent();\n                    getAgentNameTextField.sendKeys('new agent');\n                    return [4 /*yield*/, driver.findElement(selenium_webdriver_1.By.css(\"button[type='submit']\"))];\n                case 2:\n                    getRegisterButton = _a.sent();\n                    return [4 /*yield*/, getRegisterButton.click()];\n                case 3:\n                    _a.sent();\n                    return [4 /*yield*/, driver.wait(selenium_webdriver_1.until.urlIs('https://angular-e2e.herokuapp.com/'))];\n                case 4:\n                    _a.sent();\n                    return [4 /*yield*/, driver.getCurrentUrl()];\n                case 5:\n                    currentUrl = _a.sent();\n                    assert.equal('https://angular-e2e.herokuapp.com/', \n                    // 'http://localhost:4200/',\n                    currentUrl, 'Valid credentials keyed in and redirect');\n                    return [2 /*return*/];\n            }\n        });\n    });",
              "err": {},
              "uuid": "96545ace-247c-4064-aa92-909e8d13c4ad",
              "parentUUID": "715d14ce-7efb-4599-8d75-3f056f80f674",
              "isHook": false,
              "skipped": false
            }
          ],
          "suites": [],
          "passes": [
            "1247b202-1daf-476f-be25-c8f2de912105",
            "022713eb-3e06-4e75-aa33-9ca3250eee2f",
            "f04d9ec8-510a-400e-9e2f-f7d760fa86f5",
            "7d682ce2-d0ff-4d20-93b3-301a141c3cec",
            "2a80e763-2748-4a49-a097-38c3e57fd7e1",
            "96545ace-247c-4064-aa92-909e8d13c4ad"
          ],
          "failures": [],
          "pending": [],
          "skipped": [],
          "duration": 10080,
          "root": false,
          "rootEmpty": false,
          "_timeout": 90000
        }
      ],
      "passes": [],
      "failures": [],
      "pending": [],
      "skipped": [],
      "duration": 0,
      "root": true,
      "rootEmpty": true,
      "_timeout": 90000
    }
  ],
  "meta": {
    "mocha": {
      "version": "8.2.1"
    },
    "mochawesome": {
      "options": {
        "quiet": false,
        "reportFilename": "mochawesome",
        "saveHtml": true,
        "saveJson": true,
        "consoleReporter": "spec",
        "useInlineDiffs": false,
        "code": true
      },
      "version": "6.2.1"
    },
    "marge": {
      "options": {
        "reportDir": "ReportDirectory",
        "": true
      },
      "version": "5.1.0"
    }
  }
}